<?xml version="1.0" encoding="UTF-8"?>
<!-- Generated by org.testng.reporters.JUnitReportReporter -->
<testsuite skipped="0" hostname="ATMECSINLT-031" name="com.konakart.TestScript.Saucelabs" tests="1" failures="0" timestamp="2019-10-15T18:52:35 IST" time="1.308" errors="0">
  <testcase name="validatesaucelab" time="1.308" classname="com.konakart.TestScript.Saucelabs"/>
</testsuite> <!-- com.konakart.TestScript.Saucelabs -->
