<?xml version="1.0" encoding="UTF-8"?>
<!-- Generated by org.testng.reporters.JUnitReportReporter -->
<testsuite skipped="0" hostname="ATMECSINLT-031" name="com.konakart.TestScript.ValidateProductOutcome" tests="15" failures="0" timestamp="2019-10-15T14:48:25 IST" time="54.437" errors="0">
  <testcase name="validatePositiveOutcome" time="3.753" classname="com.konakart.TestScript.ValidateProductOutcome"/>
  <testcase name="validatePositiveOutcome" time="3.160" classname="com.konakart.TestScript.ValidateProductOutcome"/>
  <testcase name="validatePositiveOutcome" time="3.975" classname="com.konakart.TestScript.ValidateProductOutcome"/>
  <testcase name="validatePositiveOutcome" time="5.551" classname="com.konakart.TestScript.ValidateProductOutcome"/>
  <testcase name="validatePositiveOutcome" time="3.892" classname="com.konakart.TestScript.ValidateProductOutcome"/>
  <testcase name="validatePositiveOutcome" time="3.366" classname="com.konakart.TestScript.ValidateProductOutcome"/>
  <testcase name="validatePositiveOutcome" time="3.527" classname="com.konakart.TestScript.ValidateProductOutcome"/>
  <testcase name="validatePositiveOutcome" time="3.570" classname="com.konakart.TestScript.ValidateProductOutcome"/>
  <testcase name="validatePositiveOutcome" time="2.991" classname="com.konakart.TestScript.ValidateProductOutcome"/>
  <testcase name="validatePositiveOutcome" time="3.674" classname="com.konakart.TestScript.ValidateProductOutcome"/>
  <testcase name="validateNegativeOutcome" time="3.506" classname="com.konakart.TestScript.ValidateProductOutcome"/>
  <testcase name="validateNegativeOutcome" time="4.129" classname="com.konakart.TestScript.ValidateProductOutcome"/>
  <testcase name="validateNegativeOutcome" time="3.130" classname="com.konakart.TestScript.ValidateProductOutcome"/>
  <testcase name="validateNegativeOutcome" time="3.227" classname="com.konakart.TestScript.ValidateProductOutcome"/>
  <testcase name="validateNegativeOutcome" time="2.986" classname="com.konakart.TestScript.ValidateProductOutcome"/>
</testsuite> <!-- com.konakart.TestScript.ValidateProductOutcome -->
