<?xml version="1.0" encoding="UTF-8"?>
<!-- Generated by org.testng.reporters.JUnitReportReporter -->
<testsuite skipped="0" hostname="ATMECSINLT-031" name="com.atmecs.TestScript.TestScript" tests="1" failures="0" timestamp="2019-10-13T23:37:39 IST" time="46.565" errors="0">
  <testcase name="validation" time="46.565" classname="com.atmecs.TestScript.TestScript"/>
</testsuite> <!-- com.atmecs.TestScript.TestScript -->
