<?xml version="1.0" encoding="UTF-8"?>
<!-- Generated by org.testng.reporters.JUnitReportReporter -->
<testsuite skipped="0" hostname="ATMECSINLT-031" name="com.atmecs.TestBase.TestBase" tests="1" failures="0" timestamp="2019-10-11T16:05:46 IST" time="7.263" errors="0">
  <testcase name="openBrowser" time="7.263" classname="com.atmecs.TestBase.TestBase"/>
</testsuite> <!-- com.atmecs.TestBase.TestBase -->
