<?xml version="1.0" encoding="UTF-8"?>
<!-- Generated by org.testng.reporters.JUnitReportReporter -->
<testsuite skipped="0" hostname="ATMECSINLT-031" name="com.atmecs.konakart.Konakart.TestScript.Validation" tests="1" failures="0" timestamp="2019-10-13T17:03:49 IST" time="22.928" errors="0">
  <testcase name="validation" time="22.928" classname="com.atmecs.konakart.Konakart.TestScript.Validation"/>
</testsuite> <!-- com.atmecs.konakart.Konakart.TestScript.Validation -->
