<?xml version="1.0" encoding="UTF-8"?>
<!-- Generated by org.testng.reporters.JUnitReportReporter -->
<testsuite skipped="0" hostname="ATMECSINLT-031" name="com.konakart.TestScript.ValidateProductDetails" tests="1" failures="0" timestamp="2019-10-14T20:21:29 IST" time="5.372" errors="0">
  <testcase name="validateProductDetails" time="5.372" classname="com.konakart.TestScript.ValidateProductDetails"/>
</testsuite> <!-- com.konakart.TestScript.ValidateProductDetails -->
